[00:20:52] [main/INFO]: Loading Minecraft 1.21.3 with Fabric Loader 0.16.9
[00:20:52] [main/INFO]: Loading 48 mods:
	- fabric-api 0.109.0+1.21.3
	   |-- fabric-api-base 0.4.50+119c825640
	   |-- fabric-api-lookup-api-v1 1.6.81+fd37071f40
	   |-- fabric-biome-api-v1 14.0.6+fd37071f40
	   |-- fabric-block-api-v1 1.0.28+fd37071f40
	   |-- fabric-block-view-api-v2 1.0.16+fd37071f40
	   |-- fabric-blockrenderlayer-v1 2.0.4+fd37071f40
	   |-- fabric-client-tags-api-v1 1.1.24+fd37071f40
	   |-- fabric-command-api-v1 1.2.58+f71b366f40
	   |-- fabric-command-api-v2 2.2.37+c9d82ab240
	   |-- fabric-commands-v0 0.2.75+df3654b340
	   |-- fabric-content-registries-v0 9.1.8+fd37071f40
	   |-- fabric-convention-tags-v1 2.1.3+7f945d5b40
	   |-- fabric-convention-tags-v2 2.9.3+84ebbb0e40
	   |-- fabric-crash-report-info-v1 0.3.3+fd37071f40
	   |-- fabric-data-attachment-api-v1 1.4.0+dbad41f140
	   |-- fabric-data-generation-api-v1 21.0.17+fd37071f40
	   |-- fabric-dimensions-v1 4.0.7+fd37071f40
	   |-- fabric-entity-events-v1 2.0.8+825023f840
	   |-- fabric-events-interaction-v0 2.0.12+c2c3ac4740
	   |-- fabric-game-rule-api-v1 1.0.59+fd37071f40
	   |-- fabric-item-api-v1 11.1.7+fd37071f40
	   |-- fabric-item-group-api-v1 4.1.17+fd37071f40
	   |-- fabric-key-binding-api-v1 1.0.53+fd37071f40
	   |-- fabric-keybindings-v0 0.2.51+df3654b340
	   |-- fabric-lifecycle-events-v1 2.5.1+6da5ef6940
	   |-- fabric-loot-api-v2 3.0.26+3f89f5a540
	   |-- fabric-loot-api-v3 1.0.14+fd37071f40
	   |-- fabric-message-api-v1 6.0.21+fd37071f40
	   |-- fabric-model-loading-api-v1 3.0.9+fd37071f40
	   |-- fabric-networking-api-v1 4.3.5+fd37071f40
	   |-- fabric-object-builder-api-v1 17.0.9+fd37071f40
	   |-- fabric-particles-v1 4.0.10+fd37071f40
	   |-- fabric-recipe-api-v1 7.0.4+fd37071f40
	   |-- fabric-registry-sync-v0 5.2.2+fd37071f40
	   |-- fabric-renderer-api-v1 4.0.5+fd37071f40
	   |-- fabric-renderer-indigo 1.9.5+fd37071f40
	   |-- fabric-rendering-data-attachment-v1 0.3.54+73761d2e40
	   |-- fabric-rendering-fluids-v1 3.1.15+fd37071f40
	   |-- fabric-rendering-v0 1.1.83+df3654b340
	   |-- fabric-rendering-v1 8.0.7+fd37071f40
	   |-- fabric-resource-conditions-api-v1 5.0.8+fd37071f40
	   |-- fabric-resource-loader-v0 3.0.6+fd37071f40
	   |-- fabric-screen-api-v1 2.0.34+fd37071f40
	   |-- fabric-screen-handler-api-v1 1.3.100+fd37071f40
	   |-- fabric-sound-api-v1 1.0.29+fd37071f40
	   |-- fabric-transfer-api-v1 5.4.3+fd37071f40
	   \-- fabric-transitive-access-wideners-v1 6.1.8+fd37071f40
	- fabricloader 0.16.9
	   \-- mixinextras 0.4.1
	- ferritecore 7.1.0-hotfix
	- java 21
	- lithium 0.14.2-snapshot+mc1.21.3-build.91
	- minecraft 1.21.3
	- styledchat 2.7.0+1.21.2
	   |-- fabric-permissions-api-v0 0.3.1
	   |-- placeholder-api 2.5.0+1.21.2
	   |-- player-data-api 0.6.0+1.21
	   \-- predicate-api 0.6.0+1.21.2
[00:20:53] [main/INFO]: SpongePowered MIXIN Subsystem Version=0.8.7 Source=file:/workspaces/ServerDeMine/servidor_minecraft/libraries/net/fabricmc/sponge-mixin/0.15.4+mixin.0.8.7/sponge-mixin-0.15.4+mixin.0.8.7.jar Service=Knot/Fabric Env=SERVER
[00:20:53] [main/INFO]: Compatibility level set to JAVA_21
[00:20:54] [main/WARN]: Mod 'ferritecore' attempted to override option 'mixin.alloc.blockstate', which doesn't exist, ignoring
[00:20:54] [main/INFO]: Option 'mixin.entity.collisions.fluid' requires 'mixin.util.block_tracking=true' but found 'false'. Setting 'mixin.entity.collisions.fluid=false'.
[00:20:54] [main/INFO]: Option 'mixin.experimental.entity.block_caching.suffocation' requires 'mixin.util.block_tracking=true' but found 'false'. Setting 'mixin.experimental.entity.block_caching.suffocation=false'.
[00:20:54] [main/INFO]: Option 'mixin.experimental.entity.block_caching.block_support' requires 'mixin.util.block_tracking=true' but found 'false'. Setting 'mixin.experimental.entity.block_caching.block_support=false'.
[00:20:54] [main/INFO]: Option 'mixin.experimental.entity.block_caching.fluid_pushing' requires 'mixin.util.block_tracking=true' but found 'false'. Setting 'mixin.experimental.entity.block_caching.fluid_pushing=false'.
[00:20:54] [main/INFO]: Option 'mixin.experimental.entity.block_caching.block_touching' requires 'mixin.util.block_tracking=true' but found 'false'. Setting 'mixin.experimental.entity.block_caching.block_touching=false'.
[00:20:54] [main/INFO]: Option 'mixin.experimental.entity.block_caching' requires 'mixin.util.block_tracking=true' but found 'false'. Setting 'mixin.experimental.entity.block_caching=false'.
[00:20:54] [main/INFO]: Loaded configuration file for Lithium: 139 options available, 1 override(s) found
[00:20:54] [main/WARN]: Reference map 'lithium.refmap.json' for lithium.mixins.json could not be read. If this is a development environment you can ignore this message
[00:20:54] [main/WARN]: Reference map 'lithium-fabric.refmap.json' for lithium-fabric.mixins.json could not be read. If this is a development environment you can ignore this message
[00:20:56] [main/INFO]: Force-enabling mixin 'compat.transfer_api.TransferApiHelperMixin' as rule 'mixin.compat.transfer_api' (added by mods [lithium]) enables it
[00:20:58] [main/INFO]: Initializing MixinExtras via com.llamalad7.mixinextras.service.MixinExtrasServiceImpl(version=0.4.1).
[00:21:18] [main/INFO]: Environment: Environment[sessionHost=https://sessionserver.mojang.com, servicesHost=https://api.minecraftservices.com, name=PROD]
[00:21:25] [main/INFO]: Loaded 1337 recipes
[00:21:25] [main/INFO]: Loaded 1448 advancements
[00:21:25] [main/INFO]: Applied 0 biome modifications to 0 of 64 new biomes in 5.474 ms
[00:21:25] [Server thread/INFO]: Starting minecraft server version 1.21.3
[00:21:25] [Server thread/INFO]: Loading properties
[00:21:25] [Server thread/INFO]: Default game type: SURVIVAL
[00:21:25] [Server thread/INFO]: Generating keypair
[00:21:26] [Server thread/INFO]: Starting Minecraft server on *:25565
[00:21:26] [Server thread/INFO]: Using epoll channel type
[00:21:26] [Server thread/INFO]: Preparing level "world"
[00:21:27] [Server thread/INFO]: Preparing start region for dimension minecraft:overworld
[00:21:39] [Worker-Main-1/INFO]: Preparing spawn area: 0%
[00:21:39] [Worker-Main-1/INFO]: Preparing spawn area: 0%
[00:21:39] [Worker-Main-1/INFO]: Preparing spawn area: 0%
[00:21:39] [Worker-Main-1/INFO]: Preparing spawn area: 0%
[00:21:39] [Worker-Main-1/INFO]: Preparing spawn area: 0%
[00:21:39] [Worker-Main-1/INFO]: Preparing spawn area: 0%
[00:21:39] [Worker-Main-1/INFO]: Preparing spawn area: 0%
[00:21:39] [Worker-Main-1/INFO]: Preparing spawn area: 0%
[00:21:39] [Worker-Main-1/INFO]: Preparing spawn area: 0%
[00:21:39] [Worker-Main-1/INFO]: Preparing spawn area: 0%
[00:21:39] [Worker-Main-1/INFO]: Preparing spawn area: 0%
[00:21:39] [Worker-Main-1/INFO]: Preparing spawn area: 0%
[00:21:39] [Worker-Main-1/INFO]: Preparing spawn area: 0%
[00:21:39] [Worker-Main-1/INFO]: Preparing spawn area: 0%
[00:21:39] [Worker-Main-1/INFO]: Preparing spawn area: 0%
[00:21:39] [Worker-Main-1/INFO]: Preparing spawn area: 0%
[00:21:39] [Worker-Main-1/INFO]: Preparing spawn area: 0%
[00:21:39] [Worker-Main-1/INFO]: Preparing spawn area: 0%
[00:21:39] [Worker-Main-1/INFO]: Preparing spawn area: 0%
[00:21:39] [Worker-Main-1/INFO]: Preparing spawn area: 0%
[00:21:39] [Worker-Main-1/INFO]: Preparing spawn area: 0%
[00:21:39] [Worker-Main-1/INFO]: Preparing spawn area: 0%
[00:21:39] [Worker-Main-1/INFO]: Preparing spawn area: 0%
[00:21:39] [Worker-Main-1/INFO]: Preparing spawn area: 0%
[00:21:39] [User Authenticator #1/INFO]: UUID of player Brayah_ is 4e9490d3-35d6-412b-ab05-fddf8dfece2c
[00:21:40] [Server thread/INFO]: Time elapsed: 12242 ms
[00:21:40] [Server thread/INFO]: Done (13.396s)! For help, type "help"
[00:21:40] [Server thread/INFO]: [STDOUT]: Lithium Cached BlockState Flags are disabled!
[00:21:43] [Server thread/INFO]: Brayah_[IP hidden] logged in with entity id 102 at (1149.432736926435, 66.0, 636.4923278015315)
[00:21:43] [Server thread/INFO]: Brayah_ joined the game
[00:21:44] [Server thread/WARN]: Can't keep up! Is the server overloaded? Running 2531ms or 50 ticks behind
[00:22:12] [Server thread/WARN]: Can't keep up! Is the server overloaded? Running 12439ms or 248 ticks behind
[00:22:22] [Server thread/INFO]: Killed 377 entities
[00:22:29] [Server thread/WARN]: Can't keep up! Is the server overloaded? Running 2106ms or 42 ticks behind
[00:27:38] [Server thread/INFO]: <Brayah_> 1144 632
[00:36:12] [Server thread/WARN]: Mismatch in destroy block pos: class_2338{x=1145, y=192, z=643} class_2338{x=1143, y=192, z=639}
[00:36:21] [Server thread/WARN]: Mismatch in destroy block pos: class_2338{x=1145, y=192, z=643} class_2338{x=1145, y=192, z=634}
[01:07:48] [Server thread/INFO]: Stopping the server
[01:07:48] [Server thread/INFO]: Stopping server
[01:07:48] [Server thread/INFO]: Saving players
[01:07:48] [Server thread/INFO]: Brayah_ lost connection: Server closed
[01:07:48] [Server thread/INFO]: Brayah_ left the game
[01:07:48] [Server thread/INFO]: Saving worlds
[01:07:49] [Server thread/INFO]: Saving chunks for level 'ServerLevel[world]'/minecraft:overworld
[01:07:49] [Server thread/INFO]: Saving chunks for level 'ServerLevel[world]'/minecraft:the_end
[01:07:49] [Server thread/INFO]: Saving chunks for level 'ServerLevel[world]'/minecraft:the_nether
[01:07:49] [Server thread/INFO]: ThreadedAnvilChunkStorage (world): All chunks are saved
[01:07:49] [Server thread/INFO]: ThreadedAnvilChunkStorage (DIM1): All chunks are saved
[01:07:49] [Server thread/INFO]: ThreadedAnvilChunkStorage (DIM-1): All chunks are saved
[01:07:49] [Server thread/INFO]: ThreadedAnvilChunkStorage: All dimensions are saved
